<?xml version="1.0" encoding="UTF-8"?>
<!-- Generated by org.testng.reporters.JUnitXMLReporter -->
<testsuite ignored="4" hostname="TYSS-Chaithra" failures="2" tests="4" name="Test" time="64.624" errors="0" timestamp="2023-10-17T20:29:39 IST">
  <testcase classname="organizationTests.CreateOrganization" name="createOrg" time="0.717">
    <failure type="java.lang.NullPointerException">
      <![CDATA[java.lang.NullPointerException
at genericUtilities.ExcelFileUtility.readDataFromExcel(ExcelFileUtility.java:32)
at organizationTests.CreateOrganization.createOrg(CreateOrganization.java:20)
at java.base/java.util.ArrayList.forEach(ArrayList.java:1541)
... Removed 27 stack frames]]>
    </failure>
  </testcase> <!-- createOrg -->
  <testcase classname="contactsTests.CreateContact" name="createContact" time="9.033">
    <failure type="java.lang.AssertionError" message="null">
      <![CDATA[java.lang.AssertionError: null
at contactsTests.CreateContact.createContact(CreateContact.java:46)
at java.base/java.util.ArrayList.forEach(ArrayList.java:1541)
... Removed 29 stack frames]]>
    </failure>
  </testcase> <!-- createContact -->
  <testcase classname="contactsTests.CreateContact" name="demo" time="0.003"/>
  <testcase classname="contactsTests.CreateContactWithOrganizationTest" name="createContactWithOrgTest" time="18.27"/>
  <testcase classname="genericUtilities.BaseClass" name="@BeforeSuite bsConfig" time="0.0">
    <ignored/>
  </testcase> <!-- @BeforeSuite bsConfig -->
  <testcase classname="genericUtilities.BaseClass" name="@BeforeSuite bsConfig" time="0.0">
    <ignored/>
  </testcase> <!-- @BeforeSuite bsConfig -->
  <testcase classname="genericUtilities.BaseClass" name="@AfterSuite asConfig" time="0.0">
    <ignored/>
  </testcase> <!-- @AfterSuite asConfig -->
  <testcase classname="genericUtilities.BaseClass" name="@AfterSuite asConfig" time="0.0">
    <ignored/>
  </testcase> <!-- @AfterSuite asConfig -->
</testsuite> <!-- Test -->
