<?xml version="1.0" encoding="UTF-8"?>
<testng-results ignored="0" total="1" passed="1" failed="0" skipped="0">
  <reporter-output>
  </reporter-output>
  <suite started-at="2023-10-25T19:50:54 IST" name="Default suite" finished-at="2023-10-25T19:50:54 IST" duration-ms="30">
    <groups>
    </groups>
    <test started-at="2023-10-25T19:50:54 IST" name="Default test" finished-at="2023-10-25T19:50:54 IST" duration-ms="30">
      <class name="practice.ReadDataFRomCmdLine">
        <test-method signature="read()[pri:0, instance:practice.ReadDataFRomCmdLine@43dac38f]" started-at="2023-10-25T19:50:54 IST" name="read" finished-at="2023-10-25T19:50:54 IST" duration-ms="5" status="PASS">
          <reporter-output>
          </reporter-output>
        </test-method> <!-- read -->
      </class> <!-- practice.ReadDataFRomCmdLine -->
    </test> <!-- Default test -->
  </suite> <!-- Default suite -->
</testng-results>
